{"C:\\Users\\YONAS\\Desktop\\Microverse\\Module-2\\Week-5\\JavaScript-capstone\\src\\modules\\commentCounter.js": {"path":"C:\\Users\\YONAS\\Desktop\\Microverse\\Module-2\\Week-5\\JavaScript-capstone\\src\\modules\\commentCounter.js","statementMap":{"0":{"start":{"line":1,"column":23},"end":{"line":5,"column":1}},"1":{"start":{"line":2,"column":22},"end":{"line":2,"column":64}},"2":{"start":{"line":3,"column":23},"end":{"line":3,"column":63}},"3":{"start":{"line":4,"column":2},"end":{"line":4,"column":61}},"4":{"start":{"line":7,"column":0},"end":{"line":7,"column":40}}},"fnMap":{"0":{"name":"(anonymous_0)","decl":{"start":{"line":1,"column":23},"end":{"line":1,"column":24}},"loc":{"start":{"line":1,"column":29},"end":{"line":5,"column":1}},"line":1}},"branchMap":{},"s":{"0":1,"1":0,"2":0,"3":0,"4":1},"f":{"0":0},"b":{},"_coverageSchema":"1a1c01bbd47fc00a2c39e90264f33305004495a9","hash":"5be874f63c6aae0a72571586d86e476d79c70f0d"}
}
